\BOOKMARK [1][-]{section*.1}{\376\377\000I\000n\000t\000r\000o\000d\000u\000c\000t\000i\000o\000n}{}% 1
\BOOKMARK [2][-]{subsection*.2}{\376\377\000M\000o\000t\000i\000v\000a\000t\000i\000o\000n}{section*.1}% 2
\BOOKMARK [3][-]{subsubsection*.3}{\376\377\000I\000n\000c\000r\000e\000a\000s\000i\000n\000g\000\040\000A\000c\000c\000e\000s\000s\000i\000b\000i\000l\000i\000t\000y}{subsection*.2}% 3
\BOOKMARK [3][-]{subsubsection*.4}{\376\377\000F\000i\000n\000e\000-\000T\000u\000n\000i\000n\000g\000\040\000M\000a\000t\000e\000r\000i\000a\000l\000\040\000C\000o\000m\000p\000o\000s\000i\000t\000i\000o\000n}{subsection*.2}% 4
\BOOKMARK [2][-]{subsection*.11}{\376\377\000E\000x\000i\000s\000t\000i\000n\000g\000\040\000M\000e\000t\000h\000o\000d\000s}{section*.1}% 5
\BOOKMARK [3][-]{subsubsection*.12}{\376\377\000L\000a\000b\000\040\000S\000y\000n\000t\000h\000e\000s\000i\000s}{subsection*.11}% 6
\BOOKMARK [3][-]{subsubsection*.15}{\376\377\000T\000h\000e\000r\000m\000a\000l\000-\000B\000a\000s\000e\000d\000\040\000S\000y\000n\000t\000h\000e\000s\000i\000s}{subsection*.11}% 7
\BOOKMARK [3][-]{subsubsection*.18}{\376\377\000L\000a\000r\000g\000e\000-\000S\000c\000a\000l\000e\000\040\000E\000x\000t\000r\000u\000s\000i\000o\000n}{subsection*.11}% 8
\BOOKMARK [3][-]{subsubsection*.21}{\376\377\000P\000r\000o\000p\000r\000i\000e\000t\000a\000r\000y\000\040\000M\000e\000t\000h\000o\000d\000s}{subsection*.11}% 9
\BOOKMARK [2][-]{subsection*.22}{\376\377\000K\000n\000o\000w\000l\000e\000d\000g\000e\000\040\000G\000a\000p}{section*.1}% 10
\BOOKMARK [2][-]{subsection*.25}{\376\377\000N\000o\000v\000e\000l\000\040\000C\000o\000n\000t\000r\000i\000b\000u\000t\000i\000o\000n\000s\000\040\000o\000f\000\040\000C\000u\000r\000r\000e\000n\000t\000\040\000F\000i\000n\000d\000i\000n\000g\000s}{section*.1}% 11
\BOOKMARK [1][-]{section*.26}{\376\377\000M\000e\000t\000h\000o\000d\000o\000l\000o\000g\000i\000e\000s}{}% 12
\BOOKMARK [2][-]{subsection*.27}{\376\377\000S\000a\000m\000p\000l\000e\000\040\000S\000i\000t\000e\000s\000\040\000\046\000\040\000P\000r\000o\000c\000e\000s\000s\000i\000n\000g}{section*.26}% 13
\BOOKMARK [2][-]{subsection*.28}{\376\377\000S\000p\000e\000c\000i\000e\000s\000\040\000I\000d\000e\000n\000t\000i\000f\000i\000c\000a\000t\000i\000o\000n}{section*.26}% 14
\BOOKMARK [2][-]{subsection*.29}{\376\377\000D\000a\000t\000a\000\040\000A\000n\000a\000l\000y\000s\000i\000s}{section*.26}% 15
\BOOKMARK [1][-]{section*.30}{\376\377\000R\000e\000s\000u\000l\000t\000s}{}% 16
\BOOKMARK [2][-]{subsection*.35}{\376\377\000I\000n\000t\000e\000r\000n\000a\000t\000i\000o\000n\000a\000l\000\040\000S\000u\000p\000p\000o\000r\000t}{section*.30}% 17
\BOOKMARK [2][-]{subsection*.36}{\376\377\000L\000i\000n\000k\000s}{section*.30}% 18
\BOOKMARK [1][-]{section*.37}{\376\377\000D\000i\000s\000c\000u\000s\000s\000i\000o\000n}{}% 19
\BOOKMARK [2][-]{subsection*.38}{\376\377\000S\000u\000b\000s\000e\000c\000t\000i\000o\000n\000\040\000O\000n\000e}{section*.37}% 20
\BOOKMARK [2][-]{subsection*.39}{\376\377\000S\000u\000b\000s\000e\000c\000t\000i\000o\000n\000\040\000T\000w\000o}{section*.37}% 21
\BOOKMARK [3][-]{subsubsection*.40}{\376\377\000S\000u\000b\000s\000u\000b\000s\000e\000c\000t\000i\000o\000n\000\040\000E\000x\000a\000m\000p\000l\000e}{subsection*.39}% 22
